# JRE version: OpenJDK Runtime Environment (11.0.10) (build 11.0.10+0-b96-7249189)
# Java VM: OpenJDK 64-Bit Server VM (11.0.10+0-b96-7249189, mixed mode, tiered, compressed oops, g1 gc, windows-amd64)
Heap:
 garbage-first heap   total 312320K, used 64290K [0x0000000702e00000, 0x0000000800000000)
  region size 1024K, 46 young (47104K), 2 survivors (2048K)
 Metaspace       used 45062K, capacity 45539K, committed 45648K, reserved 1089536K
  class space    used 5385K, capacity 5570K, committed 5632K, reserved 1048576K
GC Heap History (10 events):
Event: 0.412 GC heap before
{Heap before GC invocations=0 (full 0):
 garbage-first heap   total 260096K, used 27648K [0x0000000702e00000, 0x0000000800000000)
  region size 1024K, 24 young (24576K), 0 survivors (0K)
 Metaspace       used 12339K, capacity 12504K, committed 12800K, reserved 1060864K
  class space    used 1161K, capacity 1207K, committed 1280K, reserved 1048576K
}
Event: 0.414 GC heap after
{Heap after GC invocations=1 (full 0):
 garbage-first heap   total 260096K, used 5741K [0x0000000702e00000, 0x0000000800000000)
  region size 1024K, 3 young (3072K), 3 survivors (3072K)
 Metaspace       used 12339K, capacity 12504K, committed 12800K, reserved 1060864K
  class space    used 1161K, capacity 1207K, committed 1280K, reserved 1048576K
}
Event: 0.853 GC heap before
{Heap before GC invocations=1 (full 0):
 garbage-first heap   total 260096K, used 40557K [0x0000000702e00000, 0x0000000800000000)
  region size 1024K, 38 young (38912K), 3 survivors (3072K)
 Metaspace       used 20889K, capacity 21087K, committed 21296K, reserved 1069056K
  class space    used 2222K, capacity 2312K, committed 2432K, reserved 1048576K
}
Event: 0.862 GC heap after
{Heap after GC invocations=2 (full 0):
 garbage-first heap   total 260096K, used 9327K [0x0000000702e00000, 0x0000000800000000)
  region size 1024K, 7 young (7168K), 7 survivors (7168K)
 Metaspace       used 20889K, capacity 21087K, committed 21296K, reserved 1069056K
  class space    used 2222K, capacity 2312K, committed 2432K, reserved 1048576K
}
Event: 1.558 GC heap before
{Heap before GC invocations=3 (full 0):
 garbage-first heap   total 260096K, used 65647K [0x0000000702e00000, 0x0000000800000000)
  region size 1024K, 57 young (58368K), 7 survivors (7168K)
 Metaspace       used 32688K, capacity 33108K, committed 33456K, reserved 1079296K
  class space    used 4092K, capacity 4246K, committed 4352K, reserved 1048576K
}
Event: 1.568 GC heap after
{Heap after GC invocations=4 (full 0):
 garbage-first heap   total 260096K, used 20511K [0x0000000702e00000, 0x0000000800000000)
  region size 1024K, 8 young (8192K), 8 survivors (8192K)
 Metaspace       used 32688K, capacity 33108K, committed 33456K, reserved 1079296K
  class space    used 4092K, capacity 4246K, committed 4352K, reserved 1048576K
}
Event: 1.613 GC heap before
{Heap before GC invocations=4 (full 0):
 garbage-first heap   total 260096K, used 24607K [0x0000000702e00000, 0x0000000800000000)
  region size 1024K, 12 young (12288K), 8 survivors (8192K)
 Metaspace       used 33738K, capacity 34196K, committed 34352K, reserved 1079296K
  class space    used 4202K, capacity 4374K, committed 4480K, reserved 1048576K
}
Event: 1.619 GC heap after
{Heap after GC invocations=5 (full 0):
 garbage-first heap   total 260096K, used 21963K [0x0000000702e00000, 0x0000000800000000)
  region size 1024K, 2 young (2048K), 2 survivors (2048K)
 Metaspace       used 33738K, capacity 34196K, committed 34352K, reserved 1079296K
  class space    used 4202K, capacity 4374K, committed 4480K, reserved 1048576K
}
Event: 1.735 GC heap before
{Heap before GC invocations=5 (full 0):
 garbage-first heap   total 260096K, used 32203K [0x0000000702e00000, 0x0000000800000000)
  region size 1024K, 13 young (13312K), 2 survivors (2048K)
 Metaspace       used 35352K, capacity 35776K, committed 35920K, reserved 1081344K
  class space    used 4373K, capacity 4538K, committed 4608K, reserved 1048576K
}
Event: 1.738 GC heap after
{Heap after GC invocations=6 (full 0):
 garbage-first heap   total 312320K, used 20258K [0x0000000702e00000, 0x0000000800000000)
  region size 1024K, 2 young (2048K), 2 survivors (2048K)
 Metaspace       used 35352K, capacity 35776K, committed 35920K, reserved 1081344K
  class space    used 4373K, capacity 4538K, committed 4608K, reserved 1048576K
}

