# JRE version: OpenJDK Runtime Environment (11.0.10) (build 11.0.10+0-b96-7249189)
# Java VM: OpenJDK 64-Bit Server VM (11.0.10+0-b96-7249189, mixed mode, tiered, compressed oops, g1 gc, windows-amd64)
Heap:
 garbage-first heap   total 413696K, used 207385K [0x0000000080000000, 0x0000000100000000)
  region size 1024K, 37 young (37888K), 2 survivors (2048K)
 Metaspace       used 172933K, capacity 179602K, committed 180864K, reserved 1206272K
  class space    used 21052K, capacity 23430K, committed 24448K, reserved 1048576K
GC Heap History (20 events):
Event: 14298.805 GC heap before
{Heap before GC invocations=175 (full 2):
 garbage-first heap   total 413696K, used 340163K [0x0000000080000000, 0x0000000100000000)
  region size 1024K, 159 young (162816K), 2 survivors (2048K)
 Metaspace       used 172575K, capacity 179220K, committed 180608K, reserved 1206272K
  class space    used 21022K, capacity 23360K, committed 24448K, reserved 1048576K
}
Event: 14298.813 GC heap after
{Heap after GC invocations=176 (full 2):
 garbage-first heap   total 413696K, used 180143K [0x0000000080000000, 0x0000000100000000)
  region size 1024K, 3 young (3072K), 3 survivors (3072K)
 Metaspace       used 172575K, capacity 179220K, committed 180608K, reserved 1206272K
  class space    used 21022K, capacity 23360K, committed 24448K, reserved 1048576K
}
Event: 14299.543 GC heap before
{Heap before GC invocations=177 (full 2):
 garbage-first heap   total 413696K, used 345007K [0x0000000080000000, 0x0000000100000000)
  region size 1024K, 162 young (165888K), 3 survivors (3072K)
 Metaspace       used 172617K, capacity 179229K, committed 180608K, reserved 1206272K
  class space    used 21024K, capacity 23362K, committed 24448K, reserved 1048576K
}
Event: 14299.549 GC heap after
{Heap after GC invocations=178 (full 2):
 garbage-first heap   total 413696K, used 182514K [0x0000000080000000, 0x0000000100000000)
  region size 1024K, 3 young (3072K), 3 survivors (3072K)
 Metaspace       used 172617K, capacity 179229K, committed 180608K, reserved 1206272K
  class space    used 21024K, capacity 23362K, committed 24448K, reserved 1048576K
}
Event: 14299.682 GC heap before
{Heap before GC invocations=178 (full 2):
 garbage-first heap   total 413696K, used 199922K [0x0000000080000000, 0x0000000100000000)
  region size 1024K, 20 young (20480K), 3 survivors (3072K)
 Metaspace       used 172619K, capacity 179229K, committed 180608K, reserved 1206272K
  class space    used 21024K, capacity 23362K, committed 24448K, reserved 1048576K
}
Event: 14299.687 GC heap after
{Heap after GC invocations=179 (full 2):
 garbage-first heap   total 413696K, used 178626K [0x0000000080000000, 0x0000000100000000)
  region size 1024K, 2 young (2048K), 2 survivors (2048K)
 Metaspace       used 172619K, capacity 179229K, committed 180608K, reserved 1206272K
  class space    used 21024K, capacity 23362K, committed 24448K, reserved 1048576K
}
Event: 14300.357 GC heap before
{Heap before GC invocations=179 (full 2):
 garbage-first heap   total 413696K, used 336322K [0x0000000080000000, 0x0000000100000000)
  region size 1024K, 157 young (160768K), 2 survivors (2048K)
 Metaspace       used 172638K, capacity 179293K, committed 180864K, reserved 1206272K
  class space    used 21024K, capacity 23362K, committed 24448K, reserved 1048576K
}
Event: 14300.364 GC heap after
{Heap after GC invocations=180 (full 2):
 garbage-first heap   total 413696K, used 181479K [0x0000000080000000, 0x0000000100000000)
  region size 1024K, 5 young (5120K), 5 survivors (5120K)
 Metaspace       used 172638K, capacity 179293K, committed 180864K, reserved 1206272K
  class space    used 21024K, capacity 23362K, committed 24448K, reserved 1048576K
}
Event: 14305.193 GC heap before
{Heap before GC invocations=181 (full 2):
 garbage-first heap   total 413696K, used 356583K [0x0000000080000000, 0x0000000100000000)
  region size 1024K, 167 young (171008K), 5 survivors (5120K)
 Metaspace       used 172816K, capacity 179500K, committed 180864K, reserved 1206272K
  class space    used 21044K, capacity 23424K, committed 24448K, reserved 1048576K
}
Event: 14305.203 GC heap after
{Heap after GC invocations=182 (full 2):
 garbage-first heap   total 413696K, used 181117K [0x0000000080000000, 0x0000000100000000)
  region size 1024K, 6 young (6144K), 6 survivors (6144K)
 Metaspace       used 172816K, capacity 179500K, committed 180864K, reserved 1206272K
  class space    used 21044K, capacity 23424K, committed 24448K, reserved 1048576K
}
Event: 14305.252 GC heap before
{Heap before GC invocations=182 (full 2):
 garbage-first heap   total 413696K, used 194429K [0x0000000080000000, 0x0000000100000000)
  region size 1024K, 20 young (20480K), 6 survivors (6144K)
 Metaspace       used 172816K, capacity 179500K, committed 180864K, reserved 1206272K
  class space    used 21044K, capacity 23424K, committed 24448K, reserved 1048576K
}
Event: 14305.264 GC heap after
{Heap after GC invocations=183 (full 2):
 garbage-first heap   total 413696K, used 181062K [0x0000000080000000, 0x0000000100000000)
  region size 1024K, 3 young (3072K), 3 survivors (3072K)
 Metaspace       used 172816K, capacity 179500K, committed 180864K, reserved 1206272K
  class space    used 21044K, capacity 23424K, committed 24448K, reserved 1048576K
}
Event: 14305.498 GC heap before
{Heap before GC invocations=183 (full 2):
 garbage-first heap   total 413696K, used 232262K [0x0000000080000000, 0x0000000100000000)
  region size 1024K, 54 young (55296K), 3 survivors (3072K)
 Metaspace       used 172823K, capacity 179500K, committed 180864K, reserved 1206272K
  class space    used 21044K, capacity 23424K, committed 24448K, reserved 1048576K
}
Event: 14305.525 GC heap after
{Heap after GC invocations=184 (full 2):
 garbage-first heap   total 413696K, used 186881K [0x0000000080000000, 0x0000000100000000)
  region size 1024K, 9 young (9216K), 9 survivors (9216K)
 Metaspace       used 172823K, capacity 179500K, committed 180864K, reserved 1206272K
  class space    used 21044K, capacity 23424K, committed 24448K, reserved 1048576K
}
Event: 14310.058 GC heap before
{Heap before GC invocations=185 (full 2):
 garbage-first heap   total 413696K, used 295425K [0x0000000080000000, 0x0000000100000000)
  region size 1024K, 114 young (116736K), 9 survivors (9216K)
 Metaspace       used 172861K, capacity 179530K, committed 180864K, reserved 1206272K
  class space    used 21049K, capacity 23429K, committed 24448K, reserved 1048576K
}
Event: 14310.067 GC heap after
{Heap after GC invocations=186 (full 2):
 garbage-first heap   total 413696K, used 181925K [0x0000000080000000, 0x0000000100000000)
  region size 1024K, 5 young (5120K), 5 survivors (5120K)
 Metaspace       used 172861K, capacity 179530K, committed 180864K, reserved 1206272K
  class space    used 21049K, capacity 23429K, committed 24448K, reserved 1048576K
}
Event: 14311.389 GC heap before
{Heap before GC invocations=186 (full 2):
 garbage-first heap   total 413696K, used 208549K [0x0000000080000000, 0x0000000100000000)
  region size 1024K, 20 young (20480K), 5 survivors (5120K)
 Metaspace       used 172862K, capacity 179530K, committed 180864K, reserved 1206272K
  class space    used 21049K, capacity 23429K, committed 24448K, reserved 1048576K
}
Event: 14311.404 GC heap after
{Heap after GC invocations=187 (full 2):
 garbage-first heap   total 413696K, used 181658K [0x0000000080000000, 0x0000000100000000)
  region size 1024K, 2 young (2048K), 2 survivors (2048K)
 Metaspace       used 172862K, capacity 179530K, committed 180864K, reserved 1206272K
  class space    used 21049K, capacity 23429K, committed 24448K, reserved 1048576K
}
Event: 14312.284 GC heap before
{Heap before GC invocations=187 (full 2):
 garbage-first heap   total 413696K, used 184730K [0x0000000080000000, 0x0000000100000000)
  region size 1024K, 6 young (6144K), 2 survivors (2048K)
 Metaspace       used 172862K, capacity 179530K, committed 180864K, reserved 1206272K
  class space    used 21049K, capacity 23429K, committed 24448K, reserved 1048576K
}
Event: 14312.321 GC heap after
{Heap after GC invocations=188 (full 2):
 garbage-first heap   total 413696K, used 171545K [0x0000000080000000, 0x0000000100000000)
  region size 1024K, 2 young (2048K), 2 survivors (2048K)
 Metaspace       used 172862K, capacity 179530K, committed 180864K, reserved 1206272K
  class space    used 21049K, capacity 23429K, committed 24448K, reserved 1048576K
}

